{"/Users/zf/Desktop/easy-gateway/src/lib/utils.js":{"path":"/Users/zf/Desktop/easy-gateway/src/lib/utils.js","s":{"1":1,"2":3,"3":7,"4":2,"5":5},"b":{"1":[2,5],"2":[7,5]},"f":{"1":3,"2":7},"fnMap":{"1":{"name":"UrlConvertor","line":1,"loc":{"start":{"line":1,"column":23},"end":{"line":1,"column":54}}},"2":{"name":"(anonymous_2)","line":2,"loc":{"start":{"line":2,"column":23},"end":{"line":2,"column":37}}}},"statementMap":{"1":{"start":{"line":1,"column":0},"end":{"line":8,"column":1}},"2":{"start":{"line":2,"column":4},"end":{"line":7,"column":6}},"3":{"start":{"line":3,"column":8},"end":{"line":5,"column":9}},"4":{"start":{"line":4,"column":12},"end":{"line":4,"column":22}},"5":{"start":{"line":6,"column":8},"end":{"line":6,"column":30}}},"branchMap":{"1":{"line":3,"type":"if","locations":[{"start":{"line":3,"column":8},"end":{"line":3,"column":8}},{"start":{"line":3,"column":8},"end":{"line":3,"column":8}}]},"2":{"line":3,"type":"binary-expr","locations":[{"start":{"line":3,"column":12},"end":{"line":3,"column":28}},{"start":{"line":3,"column":32},"end":{"line":3,"column":49}}]}}},"/Users/zf/Desktop/easy-gateway/src/lib/rawbody.js":{"path":"/Users/zf/Desktop/easy-gateway/src/lib/rawbody.js","s":{"1":1,"2":5,"3":5,"4":5,"5":1,"6":5,"7":5,"8":5,"9":0},"b":{},"f":{"1":5,"2":5},"fnMap":{"1":{"name":"(anonymous_1)","line":1,"loc":{"start":{"line":1,"column":18},"end":{"line":1,"column":32}}},"2":{"name":"(anonymous_2)","line":2,"loc":{"start":{"line":2,"column":23},"end":{"line":2,"column":49}}}},"statementMap":{"1":{"start":{"line":1,"column":0},"end":{"line":15,"column":1}},"2":{"start":{"line":2,"column":4},"end":{"line":14,"column":6}},"3":{"start":{"line":3,"column":8},"end":{"line":3,"column":20}},"4":{"start":{"line":4,"column":8},"end":{"line":6,"column":10}},"5":{"start":{"line":5,"column":12},"end":{"line":5,"column":24}},"6":{"start":{"line":7,"column":8},"end":{"line":9,"column":10}},"7":{"start":{"line":8,"column":12},"end":{"line":8,"column":24}},"8":{"start":{"line":11,"column":8},"end":{"line":13,"column":10}},"9":{"start":{"line":12,"column":12},"end":{"line":12,"column":23}}},"branchMap":{}}}