TN:
SF:/Users/zf/Desktop/easy-gateway/src/lib/utils.js
FN:1,UrlConvertor
FN:2,(anonymous_2)
FNF:2
FNH:2
FNDA:3,UrlConvertor
FNDA:7,(anonymous_2)
DA:1,1
DA:2,3
DA:3,7
DA:4,2
DA:6,5
LF:5
LH:5
BRDA:3,1,0,2
BRDA:3,1,1,5
BRDA:3,2,0,7
BRDA:3,2,1,5
BRF:4
BRH:4
end_of_record
TN:
SF:/Users/zf/Desktop/easy-gateway/src/lib/rawbody.js
FN:1,(anonymous_1)
FN:2,(anonymous_2)
FNF:2
FNH:2
FNDA:5,(anonymous_1)
FNDA:5,(anonymous_2)
DA:1,1
DA:2,5
DA:3,5
DA:4,5
DA:5,1
DA:7,5
DA:8,5
DA:11,5
DA:12,0
LF:9
LH:8
BRF:0
BRH:0
end_of_record
